PHP v5.3.19 :: WordPress® v3.5 :: s2Member® v121213 :: s2Member® Pro v121213
Memory 41.83 MB :: Real Memory 42.00 MB :: Peak Memory 41.90 MB :: Real Peak Memory 42.00 MB
recordofworldevents.com/wp-cron.php?doing_wp_cron=1356016033.1248550415039062500000
User-Agent: WordPress/3.5; http://recordofworldevents.com
array (
  'RESULT' => '0',
  'RPREF' => 'RQF57E1462E5',
  'PROFILEID' => 'RP0000000005',
  'STATUS' => 'ACTIVE',
  'PROFILENAME' => '1358650939:0 D:1 M~recordofworldevents.com~1',
  'START' => '01202013',
  'TERM' => '0',
  'NEXTPAYMENT' => '01202013',
  'PAYPERIOD' => 'MONT',
  'FREQUENCY' => '1',
  'TENDER' => 'C',
  'AMT' => '24.99',
  'ACCT' => '4476XXXXXXXX1083',
  'EXPDATE' => '0913',
  'AGGREGATEAMT' => '0.00',
  'AGGREGATEOPTIONALAMT' => '24.99',
  'MAXFAILPAYMENTS' => '2',
  'NUMFAILPAYMENTS' => '0',
  'RETRYNUMDAYS' => '2',
  'EMAIL' => 'vstoman@aol.com',
  'NAME' => 'Vicki',
  'LASTNAME' => 'Toman',
  'STREET' => '1010 Rockville Pike, Suite 500',
  'CITY' => 'Rockville',
  'STATE' => 'MD',
  'ZIP' => '20852',
  'COUNTRY' => 'US',
  'CURRENCY' => 'USD',
  'ipn_signup_vars' => 
  array (
    'txn_type' => 'subscr_signup',
    'subscr_id' => 'RP0000000005',
    'custom' => 'recordofworldevents.com',
    'txn_id' => 'RP0000000005',
    'period1' => '0 D',
    'period3' => '1 M',
    'mc_amount1' => '0.00',
    'mc_amount3' => '24.99',
    'mc_gross' => '24.99',
    'mc_currency' => 'USD',
    'tax' => '0.00',
    'recurring' => '24.99',
    'payer_email' => 'vstoman@aol.com',
    'first_name' => 'Vicki',
    'last_name' => 'Toman',
    'option_name1' => 'Originating Domain',
    'option_selection1' => 'recordofworldevents.com',
    'option_name2' => 'Customer IP Address',
    'option_selection2' => '173.73.125.110',
    'item_name' => '$24.99 USD / Monthly',
    'item_number' => '1',
    'proxy_verified' => 'paypal',
    'subscr_gateway' => 'paypal',
    'eotper' => NULL,
    'ccaps' => NULL,
    'level' => '1',
    'ip' => '173.73.125.110',
    'initial_term' => '0 D',
    'initial' => '24.99',
    'regular' => '24.99',
    'regular_term' => '1 M',
  ),
  's2member_log' => 
  array (
    0 => 'Ignoring this status ( `ACTIVE` ). It does NOT require any action on the part of s2Member.',
  ),
)

PHP v5.3.19 :: WordPress® v3.5 :: s2Member® v121213 :: s2Member® Pro v121213
Memory 41.36 MB :: Real Memory 41.50 MB :: Peak Memory 41.43 MB :: Real Peak Memory 41.50 MB
recordofworldevents.com/wp-cron.php?doing_wp_cron=1356102444.7797870635986328125000
User-Agent: WordPress/3.5; http://recordofworldevents.com
array (
  'RESULT' => '0',
  'RPREF' => 'RQC57E1FCC92',
  'PROFILEID' => 'RP0000000005',
  'STATUS' => 'ACTIVE',
  'PROFILENAME' => '1358650939:0 D:1 M~recordofworldevents.com~1',
  'START' => '01202013',
  'TERM' => '0',
  'NEXTPAYMENT' => '01202013',
  'PAYPERIOD' => 'MONT',
  'FREQUENCY' => '1',
  'TENDER' => 'C',
  'AMT' => '24.99',
  'ACCT' => '4476XXXXXXXX1083',
  'EXPDATE' => '0913',
  'AGGREGATEAMT' => '0.00',
  'AGGREGATEOPTIONALAMT' => '24.99',
  'MAXFAILPAYMENTS' => '2',
  'NUMFAILPAYMENTS' => '0',
  'RETRYNUMDAYS' => '2',
  'EMAIL' => 'vstoman@aol.com',
  'NAME' => 'Vicki',
  'LASTNAME' => 'Toman',
  'STREET' => '1010 Rockville Pike, Suite 500',
  'CITY' => 'Rockville',
  'STATE' => 'MD',
  'ZIP' => '20852',
  'COUNTRY' => 'US',
  'CURRENCY' => 'USD',
  'ipn_signup_vars' => 
  array (
    'txn_type' => 'subscr_signup',
    'subscr_id' => 'RP0000000005',
    'custom' => 'recordofworldevents.com',
    'txn_id' => 'RP0000000005',
    'period1' => '0 D',
    'period3' => '1 M',
    'mc_amount1' => '0.00',
    'mc_amount3' => '24.99',
    'mc_gross' => '24.99',
    'mc_currency' => 'USD',
    'tax' => '0.00',
    'recurring' => '24.99',
    'payer_email' => 'vstoman@aol.com',
    'first_name' => 'Vicki',
    'last_name' => 'Toman',
    'option_name1' => 'Originating Domain',
    'option_selection1' => 'recordofworldevents.com',
    'option_name2' => 'Customer IP Address',
    'option_selection2' => '173.73.125.110',
    'item_name' => '$24.99 USD / Monthly',
    'item_number' => '1',
    'proxy_verified' => 'paypal',
    'subscr_gateway' => 'paypal',
    'eotper' => NULL,
    'ccaps' => NULL,
    'level' => '1',
    'ip' => '173.73.125.110',
    'initial_term' => '0 D',
    'initial' => '24.99',
    'regular' => '24.99',
    'regular_term' => '1 M',
  ),
  's2member_log' => 
  array (
    0 => 'Ignoring this status ( `ACTIVE` ). It does NOT require any action on the part of s2Member.',
  ),
)

PHP v5.3.19 :: WordPress® v3.5 :: s2Member® v121213 :: s2Member® Pro v121213
Memory 41.39 MB :: Real Memory 41.50 MB :: Peak Memory 41.47 MB :: Real Peak Memory 41.50 MB
recordofworldevents.com/wp-cron.php?doing_wp_cron=1356189442.4515850543975830078125
User-Agent: WordPress/3.5; http://recordofworldevents.com
array (
  'RESULT' => '0',
  'RPREF' => 'RRF57E4505E6',
  'PROFILEID' => 'RP0000000005',
  'STATUS' => 'ACTIVE',
  'PROFILENAME' => '1358650939:0 D:1 M~recordofworldevents.com~1',
  'START' => '01202013',
  'TERM' => '0',
  'NEXTPAYMENT' => '01202013',
  'PAYPERIOD' => 'MONT',
  'FREQUENCY' => '1',
  'TENDER' => 'C',
  'AMT' => '24.99',
  'ACCT' => '4476XXXXXXXX1083',
  'EXPDATE' => '0913',
  'AGGREGATEAMT' => '0.00',
  'AGGREGATEOPTIONALAMT' => '24.99',
  'MAXFAILPAYMENTS' => '2',
  'NUMFAILPAYMENTS' => '0',
  'RETRYNUMDAYS' => '2',
  'EMAIL' => 'vstoman@aol.com',
  'NAME' => 'Vicki',
  'LASTNAME' => 'Toman',
  'STREET' => '1010 Rockville Pike, Suite 500',
  'CITY' => 'Rockville',
  'STATE' => 'MD',
  'ZIP' => '20852',
  'COUNTRY' => 'US',
  'CURRENCY' => 'USD',
  'ipn_signup_vars' => 
  array (
    'txn_type' => 'subscr_signup',
    'subscr_id' => 'RP0000000005',
    'custom' => 'recordofworldevents.com',
    'txn_id' => 'RP0000000005',
    'period1' => '0 D',
    'period3' => '1 M',
    'mc_amount1' => '0.00',
    'mc_amount3' => '24.99',
    'mc_gross' => '24.99',
    'mc_currency' => 'USD',
    'tax' => '0.00',
    'recurring' => '24.99',
    'payer_email' => 'vstoman@aol.com',
    'first_name' => 'Vicki',
    'last_name' => 'Toman',
    'option_name1' => 'Originating Domain',
    'option_selection1' => 'recordofworldevents.com',
    'option_name2' => 'Customer IP Address',
    'option_selection2' => '173.73.125.110',
    'item_name' => '$24.99 USD / Monthly',
    'item_number' => '1',
    'proxy_verified' => 'paypal',
    'subscr_gateway' => 'paypal',
    'eotper' => NULL,
    'ccaps' => NULL,
    'level' => '1',
    'ip' => '173.73.125.110',
    'initial_term' => '0 D',
    'initial' => '24.99',
    'regular' => '24.99',
    'regular_term' => '1 M',
  ),
  's2member_log' => 
  array (
    0 => 'Ignoring this status ( `ACTIVE` ). It does NOT require any action on the part of s2Member.',
  ),
)

PHP v5.3.19 :: WordPress® v3.5 :: s2Member® v121213 :: s2Member® Pro v121213
Memory 41.37 MB :: Real Memory 41.50 MB :: Peak Memory 41.45 MB :: Real Peak Memory 41.50 MB
recordofworldevents.com/wp-cron.php?doing_wp_cron=1356276444.1751160621643066406250
User-Agent: WordPress/3.5; http://recordofworldevents.com
array (
  'RESULT' => '0',
  'RPREF' => 'RQC57E325707',
  'PROFILEID' => 'RP0000000005',
  'STATUS' => 'ACTIVE',
  'PROFILENAME' => '1358650939:0 D:1 M~recordofworldevents.com~1',
  'START' => '01202013',
  'TERM' => '0',
  'NEXTPAYMENT' => '01202013',
  'PAYPERIOD' => 'MONT',
  'FREQUENCY' => '1',
  'TENDER' => 'C',
  'AMT' => '24.99',
  'ACCT' => '4476XXXXXXXX1083',
  'EXPDATE' => '0913',
  'AGGREGATEAMT' => '0.00',
  'AGGREGATEOPTIONALAMT' => '24.99',
  'MAXFAILPAYMENTS' => '2',
  'NUMFAILPAYMENTS' => '0',
  'RETRYNUMDAYS' => '2',
  'EMAIL' => 'vstoman@aol.com',
  'NAME' => 'Vicki',
  'LASTNAME' => 'Toman',
  'STREET' => '1010 Rockville Pike, Suite 500',
  'CITY' => 'Rockville',
  'STATE' => 'MD',
  'ZIP' => '20852',
  'COUNTRY' => 'US',
  'CURRENCY' => 'USD',
  'ipn_signup_vars' => 
  array (
    'txn_type' => 'subscr_signup',
    'subscr_id' => 'RP0000000005',
    'custom' => 'recordofworldevents.com',
    'txn_id' => 'RP0000000005',
    'period1' => '0 D',
    'period3' => '1 M',
    'mc_amount1' => '0.00',
    'mc_amount3' => '24.99',
    'mc_gross' => '24.99',
    'mc_currency' => 'USD',
    'tax' => '0.00',
    'recurring' => '24.99',
    'payer_email' => 'vstoman@aol.com',
    'first_name' => 'Vicki',
    'last_name' => 'Toman',
    'option_name1' => 'Originating Domain',
    'option_selection1' => 'recordofworldevents.com',
    'option_name2' => 'Customer IP Address',
    'option_selection2' => '173.73.125.110',
    'item_name' => '$24.99 USD / Monthly',
    'item_number' => '1',
    'proxy_verified' => 'paypal',
    'subscr_gateway' => 'paypal',
    'eotper' => NULL,
    'ccaps' => NULL,
    'level' => '1',
    'ip' => '173.73.125.110',
    'initial_term' => '0 D',
    'initial' => '24.99',
    'regular' => '24.99',
    'regular_term' => '1 M',
  ),
  's2member_log' => 
  array (
    0 => 'Ignoring this status ( `ACTIVE` ). It does NOT require any action on the part of s2Member.',
  ),
)

PHP v5.3.19 :: WordPress® v3.5 :: s2Member® v121213 :: s2Member® Pro v121213
Memory 41.37 MB :: Real Memory 41.50 MB :: Peak Memory 41.45 MB :: Real Peak Memory 41.50 MB
recordofworldevents.com/wp-cron.php?doing_wp_cron=1356362846.8416340351104736328125
User-Agent: WordPress/3.5; http://recordofworldevents.com
array (
  'RESULT' => '0',
  'RPREF' => 'RTJ5A3A8B0D0',
  'PROFILEID' => 'RP0000000005',
  'STATUS' => 'ACTIVE',
  'PROFILENAME' => '1358650939:0 D:1 M~recordofworldevents.com~1',
  'START' => '01202013',
  'TERM' => '0',
  'NEXTPAYMENT' => '01202013',
  'PAYPERIOD' => 'MONT',
  'FREQUENCY' => '1',
  'TENDER' => 'C',
  'AMT' => '24.99',
  'ACCT' => '4476XXXXXXXX1083',
  'EXPDATE' => '0913',
  'AGGREGATEAMT' => '0.00',
  'AGGREGATEOPTIONALAMT' => '24.99',
  'MAXFAILPAYMENTS' => '2',
  'NUMFAILPAYMENTS' => '0',
  'RETRYNUMDAYS' => '2',
  'EMAIL' => 'vstoman@aol.com',
  'NAME' => 'Vicki',
  'LASTNAME' => 'Toman',
  'STREET' => '1010 Rockville Pike, Suite 500',
  'CITY' => 'Rockville',
  'STATE' => 'MD',
  'ZIP' => '20852',
  'COUNTRY' => 'US',
  'CURRENCY' => 'USD',
  'ipn_signup_vars' => 
  array (
    'txn_type' => 'subscr_signup',
    'subscr_id' => 'RP0000000005',
    'custom' => 'recordofworldevents.com',
    'txn_id' => 'RP0000000005',
    'period1' => '0 D',
    'period3' => '1 M',
    'mc_amount1' => '0.00',
    'mc_amount3' => '24.99',
    'mc_gross' => '24.99',
    'mc_currency' => 'USD',
    'tax' => '0.00',
    'recurring' => '24.99',
    'payer_email' => 'vstoman@aol.com',
    'first_name' => 'Vicki',
    'last_name' => 'Toman',
    'option_name1' => 'Originating Domain',
    'option_selection1' => 'recordofworldevents.com',
    'option_name2' => 'Customer IP Address',
    'option_selection2' => '173.73.125.110',
    'item_name' => '$24.99 USD / Monthly',
    'item_number' => '1',
    'proxy_verified' => 'paypal',
    'subscr_gateway' => 'paypal',
    'eotper' => NULL,
    'ccaps' => NULL,
    'level' => '1',
    'ip' => '173.73.125.110',
    'initial_term' => '0 D',
    'initial' => '24.99',
    'regular' => '24.99',
    'regular_term' => '1 M',
  ),
  's2member_log' => 
  array (
    0 => 'Ignoring this status ( `ACTIVE` ). It does NOT require any action on the part of s2Member.',
  ),
)

PHP v5.3.19 :: WordPress® v3.5 :: s2Member® v121213 :: s2Member® Pro v121213
Memory 41.50 MB :: Real Memory 41.75 MB :: Peak Memory 41.59 MB :: Real Peak Memory 41.75 MB
recordofworldevents.com/wp-cron.php?doing_wp_cron=1356449258.1525430679321289062500
User-Agent: WordPress/3.5; http://recordofworldevents.com
array (
  'RESULT' => '0',
  'RPREF' => 'RLF57FD2449B',
  'PROFILEID' => 'RP0000000005',
  'STATUS' => 'ACTIVE',
  'PROFILENAME' => '1358650939:0 D:1 M~recordofworldevents.com~1',
  'START' => '01202013',
  'TERM' => '0',
  'NEXTPAYMENT' => '01202013',
  'PAYPERIOD' => 'MONT',
  'FREQUENCY' => '1',
  'TENDER' => 'C',
  'AMT' => '24.99',
  'ACCT' => '4476XXXXXXXX1083',
  'EXPDATE' => '0913',
  'AGGREGATEAMT' => '0.00',
  'AGGREGATEOPTIONALAMT' => '24.99',
  'MAXFAILPAYMENTS' => '2',
  'NUMFAILPAYMENTS' => '0',
  'RETRYNUMDAYS' => '2',
  'EMAIL' => 'vstoman@aol.com',
  'NAME' => 'Vicki',
  'LASTNAME' => 'Toman',
  'STREET' => '1010 Rockville Pike, Suite 500',
  'CITY' => 'Rockville',
  'STATE' => 'MD',
  'ZIP' => '20852',
  'COUNTRY' => 'US',
  'CURRENCY' => 'USD',
  'ipn_signup_vars' => 
  array (
    'txn_type' => 'subscr_signup',
    'subscr_id' => 'RP0000000005',
    'custom' => 'recordofworldevents.com',
    'txn_id' => 'RP0000000005',
    'period1' => '0 D',
    'period3' => '1 M',
    'mc_amount1' => '0.00',
    'mc_amount3' => '24.99',
    'mc_gross' => '24.99',
    'mc_currency' => 'USD',
    'tax' => '0.00',
    'recurring' => '24.99',
    'payer_email' => 'vstoman@aol.com',
    'first_name' => 'Vicki',
    'last_name' => 'Toman',
    'option_name1' => 'Originating Domain',
    'option_selection1' => 'recordofworldevents.com',
    'option_name2' => 'Customer IP Address',
    'option_selection2' => '173.73.125.110',
    'item_name' => '$24.99 USD / Monthly',
    'item_number' => '1',
    'proxy_verified' => 'paypal',
    'subscr_gateway' => 'paypal',
    'eotper' => NULL,
    'ccaps' => NULL,
    'level' => '1',
    'ip' => '173.73.125.110',
    'initial_term' => '0 D',
    'initial' => '24.99',
    'regular' => '24.99',
    'regular_term' => '1 M',
  ),
  's2member_log' => 
  array (
    0 => 'Ignoring this status ( `ACTIVE` ). It does NOT require any action on the part of s2Member.',
  ),
)

PHP v5.3.19 :: WordPress® v3.5 :: s2Member® v121213 :: s2Member® Pro v121213
Memory 44.00 MB :: Real Memory 44.25 MB :: Peak Memory 44.10 MB :: Real Peak Memory 44.25 MB
recordofworldevents.com/wp-cron.php?doing_wp_cron=1356652867.6546549797058105468750
User-Agent: WordPress/3.5; http://recordofworldevents.com
array (
  'RESULT' => '0',
  'RPREF' => 'RRC57E72B44D',
  'PROFILEID' => 'RP0000000005',
  'STATUS' => 'ACTIVE',
  'PROFILENAME' => '1358650939:0 D:1 M~recordofworldevents.com~1',
  'START' => '01202013',
  'TERM' => '0',
  'NEXTPAYMENT' => '01202013',
  'PAYPERIOD' => 'MONT',
  'FREQUENCY' => '1',
  'TENDER' => 'C',
  'AMT' => '24.99',
  'ACCT' => '4476XXXXXXXX1083',
  'EXPDATE' => '0913',
  'AGGREGATEAMT' => '0.00',
  'AGGREGATEOPTIONALAMT' => '24.99',
  'MAXFAILPAYMENTS' => '2',
  'NUMFAILPAYMENTS' => '0',
  'RETRYNUMDAYS' => '2',
  'EMAIL' => 'vstoman@aol.com',
  'NAME' => 'Vicki',
  'LASTNAME' => 'Toman',
  'STREET' => '1010 Rockville Pike, Suite 500',
  'CITY' => 'Rockville',
  'STATE' => 'MD',
  'ZIP' => '20852',
  'COUNTRY' => 'US',
  'CURRENCY' => 'USD',
  'ipn_signup_vars' => 
  array (
    'txn_type' => 'subscr_signup',
    'subscr_id' => 'RP0000000005',
    'custom' => 'recordofworldevents.com',
    'txn_id' => 'RP0000000005',
    'period1' => '0 D',
    'period3' => '1 M',
    'mc_amount1' => '0.00',
    'mc_amount3' => '24.99',
    'mc_gross' => '24.99',
    'mc_currency' => 'USD',
    'tax' => '0.00',
    'recurring' => '24.99',
    'payer_email' => 'vstoman@aol.com',
    'first_name' => 'Vicki',
    'last_name' => 'Toman',
    'option_name1' => 'Originating Domain',
    'option_selection1' => 'recordofworldevents.com',
    'option_name2' => 'Customer IP Address',
    'option_selection2' => '173.73.125.110',
    'item_name' => '$24.99 USD / Monthly',
    'item_number' => '1',
    'proxy_verified' => 'paypal',
    'subscr_gateway' => 'paypal',
    'eotper' => NULL,
    'ccaps' => NULL,
    'level' => '1',
    'ip' => '173.73.125.110',
    'initial_term' => '0 D',
    'initial' => '24.99',
    'regular' => '24.99',
    'regular_term' => '1 M',
  ),
  's2member_log' => 
  array (
    0 => 'Ignoring this status ( `ACTIVE` ). It does NOT require any action on the part of s2Member.',
  ),
)

PHP v5.3.19 :: WordPress® v3.5 :: s2Member® v121213 :: s2Member® Pro v121213
Memory 43.99 MB :: Real Memory 44.25 MB :: Peak Memory 44.07 MB :: Real Peak Memory 44.25 MB
recordofworldevents.com/wp-cron.php?doing_wp_cron=1356739272.6362071037292480468750
User-Agent: WordPress/3.5; http://recordofworldevents.com
array (
  'RESULT' => '0',
  'RPREF' => 'RPF57E0799B5',
  'PROFILEID' => 'RP0000000005',
  'STATUS' => 'ACTIVE',
  'PROFILENAME' => '1358650939:0 D:1 M~recordofworldevents.com~1',
  'START' => '01202013',
  'TERM' => '0',
  'NEXTPAYMENT' => '01202013',
  'PAYPERIOD' => 'MONT',
  'FREQUENCY' => '1',
  'TENDER' => 'C',
  'AMT' => '24.99',
  'ACCT' => '4476XXXXXXXX1083',
  'EXPDATE' => '0913',
  'AGGREGATEAMT' => '0.00',
  'AGGREGATEOPTIONALAMT' => '24.99',
  'MAXFAILPAYMENTS' => '2',
  'NUMFAILPAYMENTS' => '0',
  'RETRYNUMDAYS' => '2',
  'EMAIL' => 'vstoman@aol.com',
  'NAME' => 'Vicki',
  'LASTNAME' => 'Toman',
  'STREET' => '1010 Rockville Pike, Suite 500',
  'CITY' => 'Rockville',
  'STATE' => 'MD',
  'ZIP' => '20852',
  'COUNTRY' => 'US',
  'CURRENCY' => 'USD',
  'ipn_signup_vars' => 
  array (
    'txn_type' => 'subscr_signup',
    'subscr_id' => 'RP0000000005',
    'custom' => 'recordofworldevents.com',
    'txn_id' => 'RP0000000005',
    'period1' => '0 D',
    'period3' => '1 M',
    'mc_amount1' => '0.00',
    'mc_amount3' => '24.99',
    'mc_gross' => '24.99',
    'mc_currency' => 'USD',
    'tax' => '0.00',
    'recurring' => '24.99',
    'payer_email' => 'vstoman@aol.com',
    'first_name' => 'Vicki',
    'last_name' => 'Toman',
    'option_name1' => 'Originating Domain',
    'option_selection1' => 'recordofworldevents.com',
    'option_name2' => 'Customer IP Address',
    'option_selection2' => '173.73.125.110',
    'item_name' => '$24.99 USD / Monthly',
    'item_number' => '1',
    'proxy_verified' => 'paypal',
    'subscr_gateway' => 'paypal',
    'eotper' => NULL,
    'ccaps' => NULL,
    'level' => '1',
    'ip' => '173.73.125.110',
    'initial_term' => '0 D',
    'initial' => '24.99',
    'regular' => '24.99',
    'regular_term' => '1 M',
  ),
  's2member_log' => 
  array (
    0 => 'Ignoring this status ( `ACTIVE` ). It does NOT require any action on the part of s2Member.',
  ),
)

PHP v5.3.19 :: WordPress® v3.5 :: s2Member® v121213 :: s2Member® Pro v121213
Memory 43.99 MB :: Real Memory 44.25 MB :: Peak Memory 44.07 MB :: Real Peak Memory 44.25 MB
recordofworldevents.com/wp-cron.php?doing_wp_cron=1356826267.8977670669555664062500
User-Agent: WordPress/3.5; http://recordofworldevents.com
array (
  'RESULT' => '0',
  'RPREF' => 'RXY5A40A7369',
  'PROFILEID' => 'RP0000000005',
  'STATUS' => 'ACTIVE',
  'PROFILENAME' => '1358650939:0 D:1 M~recordofworldevents.com~1',
  'START' => '01202013',
  'TERM' => '0',
  'NEXTPAYMENT' => '01202013',
  'PAYPERIOD' => 'MONT',
  'FREQUENCY' => '1',
  'TENDER' => 'C',
  'AMT' => '24.99',
  'ACCT' => '4476XXXXXXXX1083',
  'EXPDATE' => '0913',
  'AGGREGATEAMT' => '0.00',
  'AGGREGATEOPTIONALAMT' => '24.99',
  'MAXFAILPAYMENTS' => '2',
  'NUMFAILPAYMENTS' => '0',
  'RETRYNUMDAYS' => '2',
  'EMAIL' => 'vstoman@aol.com',
  'NAME' => 'Vicki',
  'LASTNAME' => 'Toman',
  'STREET' => '1010 Rockville Pike, Suite 500',
  'CITY' => 'Rockville',
  'STATE' => 'MD',
  'ZIP' => '20852',
  'COUNTRY' => 'US',
  'CURRENCY' => 'USD',
  'ipn_signup_vars' => 
  array (
    'txn_type' => 'subscr_signup',
    'subscr_id' => 'RP0000000005',
    'custom' => 'recordofworldevents.com',
    'txn_id' => 'RP0000000005',
    'period1' => '0 D',
    'period3' => '1 M',
    'mc_amount1' => '0.00',
    'mc_amount3' => '24.99',
    'mc_gross' => '24.99',
    'mc_currency' => 'USD',
    'tax' => '0.00',
    'recurring' => '24.99',
    'payer_email' => 'vstoman@aol.com',
    'first_name' => 'Vicki',
    'last_name' => 'Toman',
    'option_name1' => 'Originating Domain',
    'option_selection1' => 'recordofworldevents.com',
    'option_name2' => 'Customer IP Address',
    'option_selection2' => '173.73.125.110',
    'item_name' => '$24.99 USD / Monthly',
    'item_number' => '1',
    'proxy_verified' => 'paypal',
    'subscr_gateway' => 'paypal',
    'eotper' => NULL,
    'ccaps' => NULL,
    'level' => '1',
    'ip' => '173.73.125.110',
    'initial_term' => '0 D',
    'initial' => '24.99',
    'regular' => '24.99',
    'regular_term' => '1 M',
  ),
  's2member_log' => 
  array (
    0 => 'Ignoring this status ( `ACTIVE` ). It does NOT require any action on the part of s2Member.',
  ),
)

PHP v5.3.19 :: WordPress® v3.5 :: s2Member® v121213 :: s2Member® Pro v121213
Memory 42.16 MB :: Real Memory 42.25 MB :: Peak Memory 42.21 MB :: Real Peak Memory 42.25 MB
recordofworldevents.com/wp-cron.php?doing_wp_cron=1357286948.6925470829010009765625
User-Agent: WordPress/3.5; http://recordofworldevents.com
array (
  'RESULT' => '0',
  'RPREF' => 'RRF57EBDF1DD',
  'PROFILEID' => 'RP0000000005',
  'STATUS' => 'ACTIVE',
  'PROFILENAME' => '1358650939:0 D:1 M~recordofworldevents.com~1',
  'START' => '01202013',
  'TERM' => '0',
  'NEXTPAYMENT' => '01202013',
  'PAYPERIOD' => 'MONT',
  'FREQUENCY' => '1',
  'TENDER' => 'C',
  'AMT' => '24.99',
  'ACCT' => '4476XXXXXXXX1083',
  'EXPDATE' => '0913',
  'AGGREGATEAMT' => '0.00',
  'AGGREGATEOPTIONALAMT' => '24.99',
  'MAXFAILPAYMENTS' => '2',
  'NUMFAILPAYMENTS' => '0',
  'RETRYNUMDAYS' => '2',
  'EMAIL' => 'vstoman@aol.com',
  'NAME' => 'Vicki',
  'LASTNAME' => 'Toman',
  'STREET' => '1010 Rockville Pike, Suite 500',
  'CITY' => 'Rockville',
  'STATE' => 'MD',
  'ZIP' => '20852',
  'COUNTRY' => 'US',
  'CURRENCY' => 'USD',
  'ipn_signup_vars' => 
  array (
    'txn_type' => 'subscr_signup',
    'subscr_id' => 'RP0000000005',
    'custom' => 'recordofworldevents.com',
    'txn_id' => 'RP0000000005',
    'period1' => '0 D',
    'period3' => '1 M',
    'mc_amount1' => '0.00',
    'mc_amount3' => '24.99',
    'mc_gross' => '24.99',
    'mc_currency' => 'USD',
    'tax' => '0.00',
    'recurring' => '24.99',
    'payer_email' => 'vstoman@aol.com',
    'first_name' => 'Vicki',
    'last_name' => 'Toman',
    'option_name1' => 'Originating Domain',
    'option_selection1' => 'recordofworldevents.com',
    'option_name2' => 'Customer IP Address',
    'option_selection2' => '173.73.125.110',
    'item_name' => '$24.99 USD / Monthly',
    'item_number' => '1',
    'proxy_verified' => 'paypal',
    'subscr_gateway' => 'paypal',
    'eotper' => NULL,
    'ccaps' => NULL,
    'level' => '1',
    'ip' => '173.73.125.110',
    'initial_term' => '0 D',
    'initial' => '24.99',
    'regular' => '24.99',
    'regular_term' => '1 M',
  ),
  's2member_log' => 
  array (
    0 => 'Ignoring this status ( `ACTIVE` ). It does NOT require any action on the part of s2Member.',
  ),
)

PHP v5.3.19 :: WordPress® v3.5 :: s2Member® v121213 :: s2Member® Pro v121213
Memory 42.17 MB :: Real Memory 42.25 MB :: Peak Memory 42.23 MB :: Real Peak Memory 42.25 MB
recordofworldevents.com/wp-cron.php?doing_wp_cron=1357286948.6925470829010009765625
User-Agent: WordPress/3.5; http://recordofworldevents.com
array (
  'RESULT' => '0',
  'RPREF' => 'RUJ5A37FD140',
  'PROFILEID' => 'RP0000000006',
  'STATUS' => 'ACTIVE',
  'PROFILENAME' => '1388710361:0 D:1 Y~recordofworldevents.com~1',
  'START' => '01032014',
  'TERM' => '0',
  'NEXTPAYMENT' => '01032014',
  'PAYPERIOD' => 'YEAR',
  'FREQUENCY' => '1',
  'TENDER' => 'C',
  'AMT' => '197.00',
  'ACCT' => '5569XXXXXXXX8951',
  'EXPDATE' => '0913',
  'AGGREGATEAMT' => '0.00',
  'AGGREGATEOPTIONALAMT' => '197.00',
  'MAXFAILPAYMENTS' => '2',
  'NUMFAILPAYMENTS' => '0',
  'RETRYNUMDAYS' => '2',
  'EMAIL' => 'joe.reader@precise.co.uk',
  'NAME' => 'JOE',
  'LASTNAME' => 'READER',
  'STREET' => 'PRECISE MEDIA, THE REGISTRY, 3 ROYAL MINT COURT',
  'CITY' => 'LONDON',
  'STATE' => 'LONDON',
  'ZIP' => 'EC3N 4QN',
  'COUNTRY' => 'GB',
  'CURRENCY' => 'USD',
  'ipn_signup_vars' => 
  array (
    'txn_type' => 'subscr_signup',
    'subscr_id' => 'RP0000000006',
    'custom' => 'recordofworldevents.com',
    'txn_id' => 'RP0000000006',
    'period1' => '0 D',
    'period3' => '1 Y',
    'mc_amount1' => '0.00',
    'mc_amount3' => '197.00',
    'mc_gross' => '197.00',
    'mc_currency' => 'USD',
    'tax' => '0.00',
    'recurring' => '197.00',
    'payer_email' => 'joe.reader@precise.co.uk',
    'first_name' => 'JOE',
    'last_name' => 'READER',
    'option_name1' => 'Originating Domain',
    'option_selection1' => 'recordofworldevents.com',
    'option_name2' => 'Customer IP Address',
    'option_selection2' => '213.219.18.82',
    'item_name' => '$197',
    'item_number' => '1',
    'proxy_verified' => 'paypal',
    'subscr_gateway' => 'paypal',
    'eotper' => NULL,
    'ccaps' => NULL,
    'level' => '1',
    'ip' => '213.219.18.82',
    'initial_term' => '0 D',
    'initial' => '197.00',
    'regular' => '197.00',
    'regular_term' => '1 Y',
  ),
  's2member_log' => 
  array (
    0 => 'Ignoring this status ( `ACTIVE` ). It does NOT require any action on the part of s2Member.',
  ),
)

PHP v5.3.19 :: WordPress® v3.5 :: s2Member® v121213 :: s2Member® Pro v121213
Memory 41.98 MB :: Real Memory 42.25 MB :: Peak Memory 42.02 MB :: Real Peak Memory 42.25 MB
recordofworldevents.com/wp-cron.php?doing_wp_cron=1357373467.4075880050659179687500
User-Agent: WordPress/3.5; http://recordofworldevents.com
array (
  'RESULT' => '0',
  'RPREF' => 'RPC57E54660F',
  'PROFILEID' => 'RP0000000005',
  'STATUS' => 'ACTIVE',
  'PROFILENAME' => '1358650939:0 D:1 M~recordofworldevents.com~1',
  'START' => '01202013',
  'TERM' => '0',
  'NEXTPAYMENT' => '01202013',
  'PAYPERIOD' => 'MONT',
  'FREQUENCY' => '1',
  'TENDER' => 'C',
  'AMT' => '24.99',
  'ACCT' => '4476XXXXXXXX1083',
  'EXPDATE' => '0913',
  'AGGREGATEAMT' => '0.00',
  'AGGREGATEOPTIONALAMT' => '24.99',
  'MAXFAILPAYMENTS' => '2',
  'NUMFAILPAYMENTS' => '0',
  'RETRYNUMDAYS' => '2',
  'EMAIL' => 'vstoman@aol.com',
  'NAME' => 'Vicki',
  'LASTNAME' => 'Toman',
  'STREET' => '1010 Rockville Pike, Suite 500',
  'CITY' => 'Rockville',
  'STATE' => 'MD',
  'ZIP' => '20852',
  'COUNTRY' => 'US',
  'CURRENCY' => 'USD',
  'ipn_signup_vars' => 
  array (
    'txn_type' => 'subscr_signup',
    'subscr_id' => 'RP0000000005',
    'custom' => 'recordofworldevents.com',
    'txn_id' => 'RP0000000005',
    'period1' => '0 D',
    'period3' => '1 M',
    'mc_amount1' => '0.00',
    'mc_amount3' => '24.99',
    'mc_gross' => '24.99',
    'mc_currency' => 'USD',
    'tax' => '0.00',
    'recurring' => '24.99',
    'payer_email' => 'vstoman@aol.com',
    'first_name' => 'Vicki',
    'last_name' => 'Toman',
    'option_name1' => 'Originating Domain',
    'option_selection1' => 'recordofworldevents.com',
    'option_name2' => 'Customer IP Address',
    'option_selection2' => '173.73.125.110',
    'item_name' => '$24.99 USD / Monthly',
    'item_number' => '1',
    'proxy_verified' => 'paypal',
    'subscr_gateway' => 'paypal',
    'eotper' => NULL,
    'ccaps' => NULL,
    'level' => '1',
    'ip' => '173.73.125.110',
    'initial_term' => '0 D',
    'initial' => '24.99',
    'regular' => '24.99',
    'regular_term' => '1 M',
  ),
  's2member_log' => 
  array (
    0 => 'Ignoring this status ( `ACTIVE` ). It does NOT require any action on the part of s2Member.',
  ),
)

PHP v5.3.19 :: WordPress® v3.5 :: s2Member® v121213 :: s2Member® Pro v121213
Memory 41.99 MB :: Real Memory 42.25 MB :: Peak Memory 42.04 MB :: Real Peak Memory 42.25 MB
recordofworldevents.com/wp-cron.php?doing_wp_cron=1357373467.4075880050659179687500
User-Agent: WordPress/3.5; http://recordofworldevents.com
array (
  'RESULT' => '0',
  'RPREF' => 'RSY5A25DCF1F',
  'PROFILEID' => 'RP0000000006',
  'STATUS' => 'ACTIVE',
  'PROFILENAME' => '1388710361:0 D:1 Y~recordofworldevents.com~1',
  'START' => '01032014',
  'TERM' => '0',
  'NEXTPAYMENT' => '01032014',
  'PAYPERIOD' => 'YEAR',
  'FREQUENCY' => '1',
  'TENDER' => 'C',
  'AMT' => '197.00',
  'ACCT' => '5569XXXXXXXX8951',
  'EXPDATE' => '0913',
  'AGGREGATEAMT' => '0.00',
  'AGGREGATEOPTIONALAMT' => '197.00',
  'MAXFAILPAYMENTS' => '2',
  'NUMFAILPAYMENTS' => '0',
  'RETRYNUMDAYS' => '2',
  'EMAIL' => 'joe.reader@precise.co.uk',
  'NAME' => 'JOE',
  'LASTNAME' => 'READER',
  'STREET' => 'PRECISE MEDIA, THE REGISTRY, 3 ROYAL MINT COURT',
  'CITY' => 'LONDON',
  'STATE' => 'LONDON',
  'ZIP' => 'EC3N 4QN',
  'COUNTRY' => 'GB',
  'CURRENCY' => 'USD',
  'ipn_signup_vars' => 
  array (
    'txn_type' => 'subscr_signup',
    'subscr_id' => 'RP0000000006',
    'custom' => 'recordofworldevents.com',
    'txn_id' => 'RP0000000006',
    'period1' => '0 D',
    'period3' => '1 Y',
    'mc_amount1' => '0.00',
    'mc_amount3' => '197.00',
    'mc_gross' => '197.00',
    'mc_currency' => 'USD',
    'tax' => '0.00',
    'recurring' => '197.00',
    'payer_email' => 'joe.reader@precise.co.uk',
    'first_name' => 'JOE',
    'last_name' => 'READER',
    'option_name1' => 'Originating Domain',
    'option_selection1' => 'recordofworldevents.com',
    'option_name2' => 'Customer IP Address',
    'option_selection2' => '213.219.18.82',
    'item_name' => '$197',
    'item_number' => '1',
    'proxy_verified' => 'paypal',
    'subscr_gateway' => 'paypal',
    'eotper' => NULL,
    'ccaps' => NULL,
    'level' => '1',
    'ip' => '213.219.18.82',
    'initial_term' => '0 D',
    'initial' => '197.00',
    'regular' => '197.00',
    'regular_term' => '1 Y',
  ),
  's2member_log' => 
  array (
    0 => 'Ignoring this status ( `ACTIVE` ). It does NOT require any action on the part of s2Member.',
  ),
)

PHP v5.3.19 :: WordPress® v3.5 :: s2Member® v121213 :: s2Member® Pro v121213
Memory 42.00 MB :: Real Memory 42.25 MB :: Peak Memory 42.04 MB :: Real Peak Memory 42.25 MB
recordofworldevents.com/wp-cron.php?doing_wp_cron=1357460467.5355060100555419921875
User-Agent: WordPress/3.5; http://recordofworldevents.com
array (
  'RESULT' => '0',
  'RPREF' => 'RLF58A4A43F6',
  'PROFILEID' => 'RP0000000005',
  'STATUS' => 'ACTIVE',
  'PROFILENAME' => '1358650939:0 D:1 M~recordofworldevents.com~1',
  'START' => '01202013',
  'TERM' => '0',
  'NEXTPAYMENT' => '01202013',
  'PAYPERIOD' => 'MONT',
  'FREQUENCY' => '1',
  'TENDER' => 'C',
  'AMT' => '24.99',
  'ACCT' => '4476XXXXXXXX1083',
  'EXPDATE' => '0913',
  'AGGREGATEAMT' => '0.00',
  'AGGREGATEOPTIONALAMT' => '24.99',
  'MAXFAILPAYMENTS' => '2',
  'NUMFAILPAYMENTS' => '0',
  'RETRYNUMDAYS' => '2',
  'EMAIL' => 'vstoman@aol.com',
  'NAME' => 'Vicki',
  'LASTNAME' => 'Toman',
  'STREET' => '1010 Rockville Pike, Suite 500',
  'CITY' => 'Rockville',
  'STATE' => 'MD',
  'ZIP' => '20852',
  'COUNTRY' => 'US',
  'CURRENCY' => 'USD',
  'ipn_signup_vars' => 
  array (
    'txn_type' => 'subscr_signup',
    'subscr_id' => 'RP0000000005',
    'custom' => 'recordofworldevents.com',
    'txn_id' => 'RP0000000005',
    'period1' => '0 D',
    'period3' => '1 M',
    'mc_amount1' => '0.00',
    'mc_amount3' => '24.99',
    'mc_gross' => '24.99',
    'mc_currency' => 'USD',
    'tax' => '0.00',
    'recurring' => '24.99',
    'payer_email' => 'vstoman@aol.com',
    'first_name' => 'Vicki',
    'last_name' => 'Toman',
    'option_name1' => 'Originating Domain',
    'option_selection1' => 'recordofworldevents.com',
    'option_name2' => 'Customer IP Address',
    'option_selection2' => '173.73.125.110',
    'item_name' => '$24.99 USD / Monthly',
    'item_number' => '1',
    'proxy_verified' => 'paypal',
    'subscr_gateway' => 'paypal',
    'eotper' => NULL,
    'ccaps' => NULL,
    'level' => '1',
    'ip' => '173.73.125.110',
    'initial_term' => '0 D',
    'initial' => '24.99',
    'regular' => '24.99',
    'regular_term' => '1 M',
  ),
  's2member_log' => 
  array (
    0 => 'Ignoring this status ( `ACTIVE` ). It does NOT require any action on the part of s2Member.',
  ),
)

PHP v5.3.19 :: WordPress® v3.5 :: s2Member® v121213 :: s2Member® Pro v121213
Memory 42.01 MB :: Real Memory 42.25 MB :: Peak Memory 42.06 MB :: Real Peak Memory 42.25 MB
recordofworldevents.com/wp-cron.php?doing_wp_cron=1357460467.5355060100555419921875
User-Agent: WordPress/3.5; http://recordofworldevents.com
array (
  'RESULT' => '0',
  'RPREF' => 'RTY5A42282A1',
  'PROFILEID' => 'RP0000000006',
  'STATUS' => 'ACTIVE',
  'PROFILENAME' => '1388710361:0 D:1 Y~recordofworldevents.com~1',
  'START' => '01032014',
  'TERM' => '0',
  'NEXTPAYMENT' => '01032014',
  'PAYPERIOD' => 'YEAR',
  'FREQUENCY' => '1',
  'TENDER' => 'C',
  'AMT' => '197.00',
  'ACCT' => '5569XXXXXXXX8951',
  'EXPDATE' => '0913',
  'AGGREGATEAMT' => '0.00',
  'AGGREGATEOPTIONALAMT' => '197.00',
  'MAXFAILPAYMENTS' => '2',
  'NUMFAILPAYMENTS' => '0',
  'RETRYNUMDAYS' => '2',
  'EMAIL' => 'joe.reader@precise.co.uk',
  'NAME' => 'JOE',
  'LASTNAME' => 'READER',
  'STREET' => 'PRECISE MEDIA, THE REGISTRY, 3 ROYAL MINT COURT',
  'CITY' => 'LONDON',
  'STATE' => 'LONDON',
  'ZIP' => 'EC3N 4QN',
  'COUNTRY' => 'GB',
  'CURRENCY' => 'USD',
  'ipn_signup_vars' => 
  array (
    'txn_type' => 'subscr_signup',
    'subscr_id' => 'RP0000000006',
    'custom' => 'recordofworldevents.com',
    'txn_id' => 'RP0000000006',
    'period1' => '0 D',
    'period3' => '1 Y',
    'mc_amount1' => '0.00',
    'mc_amount3' => '197.00',
    'mc_gross' => '197.00',
    'mc_currency' => 'USD',
    'tax' => '0.00',
    'recurring' => '197.00',
    'payer_email' => 'joe.reader@precise.co.uk',
    'first_name' => 'JOE',
    'last_name' => 'READER',
    'option_name1' => 'Originating Domain',
    'option_selection1' => 'recordofworldevents.com',
    'option_name2' => 'Customer IP Address',
    'option_selection2' => '213.219.18.82',
    'item_name' => '$197',
    'item_number' => '1',
    'proxy_verified' => 'paypal',
    'subscr_gateway' => 'paypal',
    'eotper' => NULL,
    'ccaps' => NULL,
    'level' => '1',
    'ip' => '213.219.18.82',
    'initial_term' => '0 D',
    'initial' => '197.00',
    'regular' => '197.00',
    'regular_term' => '1 Y',
  ),
  's2member_log' => 
  array (
    0 => 'Ignoring this status ( `ACTIVE` ). It does NOT require any action on the part of s2Member.',
  ),
)

PHP v5.4.6-1ubuntu1.1 :: WordPress® v3.5 :: s2Member® v121213 :: s2Member® Pro v121213
Memory 25.74 MB :: Real Memory 26.25 MB :: Peak Memory 25.81 MB :: Real Peak Memory 26.25 MB
recordofworldevents.com/wp-cron.php?doing_wp_cron=1357600026.9793550968170166015625
User-Agent: WordPress/3.5; http://recordofworldevents.com
array (
  'RESULT' => '0',
  'RPREF' => 'RSJ5A2788124',
  'PROFILEID' => 'RP0000000005',
  'STATUS' => 'ACTIVE',
  'PROFILENAME' => '1358650939:0 D:1 M~recordofworldevents.com~1',
  'START' => '01202013',
  'TERM' => '0',
  'NEXTPAYMENT' => '01202013',
  'PAYPERIOD' => 'MONT',
  'FREQUENCY' => '1',
  'TENDER' => 'C',
  'AMT' => '24.99',
  'ACCT' => '4476XXXXXXXX1083',
  'EXPDATE' => '0913',
  'AGGREGATEAMT' => '0.00',
  'AGGREGATEOPTIONALAMT' => '24.99',
  'MAXFAILPAYMENTS' => '2',
  'NUMFAILPAYMENTS' => '0',
  'RETRYNUMDAYS' => '2',
  'EMAIL' => 'vstoman@aol.com',
  'NAME' => 'Vicki',
  'LASTNAME' => 'Toman',
  'STREET' => '1010 Rockville Pike, Suite 500',
  'CITY' => 'Rockville',
  'STATE' => 'MD',
  'ZIP' => '20852',
  'COUNTRY' => 'US',
  'CURRENCY' => 'USD',
  'ipn_signup_vars' => 
  array (
    'txn_type' => 'subscr_signup',
    'subscr_id' => 'RP0000000005',
    'custom' => 'recordofworldevents.com',
    'txn_id' => 'RP0000000005',
    'period1' => '0 D',
    'period3' => '1 M',
    'mc_amount1' => '0.00',
    'mc_amount3' => '24.99',
    'mc_gross' => '24.99',
    'mc_currency' => 'USD',
    'tax' => '0.00',
    'recurring' => '24.99',
    'payer_email' => 'vstoman@aol.com',
    'first_name' => 'Vicki',
    'last_name' => 'Toman',
    'option_name1' => 'Originating Domain',
    'option_selection1' => 'recordofworldevents.com',
    'option_name2' => 'Customer IP Address',
    'option_selection2' => '173.73.125.110',
    'item_name' => '$24.99 USD / Monthly',
    'item_number' => '1',
    'proxy_verified' => 'paypal',
    'subscr_gateway' => 'paypal',
    'eotper' => NULL,
    'ccaps' => NULL,
    'level' => '1',
    'ip' => '173.73.125.110',
    'initial_term' => '0 D',
    'initial' => '24.99',
    'regular' => '24.99',
    'regular_term' => '1 M',
  ),
  's2member_log' => 
  array (
    0 => 'Ignoring this status ( `ACTIVE` ). It does NOT require any action on the part of s2Member.',
  ),
)

PHP v5.4.6-1ubuntu1.1 :: WordPress® v3.5 :: s2Member® v121213 :: s2Member® Pro v121213
Memory 25.74 MB :: Real Memory 26.25 MB :: Peak Memory 25.83 MB :: Real Peak Memory 26.25 MB
recordofworldevents.com/wp-cron.php?doing_wp_cron=1357600026.9793550968170166015625
User-Agent: WordPress/3.5; http://recordofworldevents.com
array (
  'RESULT' => '0',
  'RPREF' => 'RPC57E6F2304',
  'PROFILEID' => 'RP0000000006',
  'STATUS' => 'ACTIVE',
  'PROFILENAME' => '1388710361:0 D:1 Y~recordofworldevents.com~1',
  'START' => '01032014',
  'TERM' => '0',
  'NEXTPAYMENT' => '01032014',
  'PAYPERIOD' => 'YEAR',
  'FREQUENCY' => '1',
  'TENDER' => 'C',
  'AMT' => '197.00',
  'ACCT' => '5569XXXXXXXX8951',
  'EXPDATE' => '0913',
  'AGGREGATEAMT' => '0.00',
  'AGGREGATEOPTIONALAMT' => '197.00',
  'MAXFAILPAYMENTS' => '2',
  'NUMFAILPAYMENTS' => '0',
  'RETRYNUMDAYS' => '2',
  'EMAIL' => 'joe.reader@precise.co.uk',
  'NAME' => 'JOE',
  'LASTNAME' => 'READER',
  'STREET' => 'PRECISE MEDIA, THE REGISTRY, 3 ROYAL MINT COURT',
  'CITY' => 'LONDON',
  'STATE' => 'LONDON',
  'ZIP' => 'EC3N 4QN',
  'COUNTRY' => 'GB',
  'CURRENCY' => 'USD',
  'ipn_signup_vars' => 
  array (
    'txn_type' => 'subscr_signup',
    'subscr_id' => 'RP0000000006',
    'custom' => 'recordofworldevents.com',
    'txn_id' => 'RP0000000006',
    'period1' => '0 D',
    'period3' => '1 Y',
    'mc_amount1' => '0.00',
    'mc_amount3' => '197.00',
    'mc_gross' => '197.00',
    'mc_currency' => 'USD',
    'tax' => '0.00',
    'recurring' => '197.00',
    'payer_email' => 'joe.reader@precise.co.uk',
    'first_name' => 'JOE',
    'last_name' => 'READER',
    'option_name1' => 'Originating Domain',
    'option_selection1' => 'recordofworldevents.com',
    'option_name2' => 'Customer IP Address',
    'option_selection2' => '213.219.18.82',
    'item_name' => '$197',
    'item_number' => '1',
    'proxy_verified' => 'paypal',
    'subscr_gateway' => 'paypal',
    'eotper' => NULL,
    'ccaps' => NULL,
    'level' => '1',
    'ip' => '213.219.18.82',
    'initial_term' => '0 D',
    'initial' => '197.00',
    'regular' => '197.00',
    'regular_term' => '1 Y',
  ),
  's2member_log' => 
  array (
    0 => 'Ignoring this status ( `ACTIVE` ). It does NOT require any action on the part of s2Member.',
  ),
)

PHP v5.4.6-1ubuntu1.1 :: WordPress® v3.5 :: s2Member® v121213 :: s2Member® Pro v121213
Memory 25.74 MB :: Real Memory 26.00 MB :: Peak Memory 25.81 MB :: Real Peak Memory 26.00 MB
recordofworldevents.com/wp-cron.php?doing_wp_cron=1357726315.2242999076843261718750
User-Agent: WordPress/3.5; http://recordofworldevents.com
array (
  'RESULT' => '0',
  'RPREF' => 'RSJ5A289E4D8',
  'PROFILEID' => 'RP0000000005',
  'STATUS' => 'ACTIVE',
  'PROFILENAME' => '1358650939:0 D:1 M~recordofworldevents.com~1',
  'START' => '01202013',
  'TERM' => '0',
  'NEXTPAYMENT' => '01202013',
  'PAYPERIOD' => 'MONT',
  'FREQUENCY' => '1',
  'TENDER' => 'C',
  'AMT' => '24.99',
  'ACCT' => '4476XXXXXXXX1083',
  'EXPDATE' => '0913',
  'AGGREGATEAMT' => '0.00',
  'AGGREGATEOPTIONALAMT' => '24.99',
  'MAXFAILPAYMENTS' => '2',
  'NUMFAILPAYMENTS' => '0',
  'RETRYNUMDAYS' => '2',
  'EMAIL' => 'vstoman@aol.com',
  'NAME' => 'Vicki',
  'LASTNAME' => 'Toman',
  'STREET' => '1010 Rockville Pike, Suite 500',
  'CITY' => 'Rockville',
  'STATE' => 'MD',
  'ZIP' => '20852',
  'COUNTRY' => 'US',
  'CURRENCY' => 'USD',
  'ipn_signup_vars' => 
  array (
    'txn_type' => 'subscr_signup',
    'subscr_id' => 'RP0000000005',
    'custom' => 'recordofworldevents.com',
    'txn_id' => 'RP0000000005',
    'period1' => '0 D',
    'period3' => '1 M',
    'mc_amount1' => '0.00',
    'mc_amount3' => '24.99',
    'mc_gross' => '24.99',
    'mc_currency' => 'USD',
    'tax' => '0.00',
    'recurring' => '24.99',
    'payer_email' => 'vstoman@aol.com',
    'first_name' => 'Vicki',
    'last_name' => 'Toman',
    'option_name1' => 'Originating Domain',
    'option_selection1' => 'recordofworldevents.com',
    'option_name2' => 'Customer IP Address',
    'option_selection2' => '173.73.125.110',
    'item_name' => '$24.99 USD / Monthly',
    'item_number' => '1',
    'proxy_verified' => 'paypal',
    'subscr_gateway' => 'paypal',
    'eotper' => NULL,
    'ccaps' => NULL,
    'level' => '1',
    'ip' => '173.73.125.110',
    'initial_term' => '0 D',
    'initial' => '24.99',
    'regular' => '24.99',
    'regular_term' => '1 M',
  ),
  's2member_log' => 
  array (
    0 => 'Ignoring this status ( `ACTIVE` ). It does NOT require any action on the part of s2Member.',
  ),
)

PHP v5.4.6-1ubuntu1.1 :: WordPress® v3.5 :: s2Member® v121213 :: s2Member® Pro v121213
Memory 25.74 MB :: Real Memory 26.00 MB :: Peak Memory 25.83 MB :: Real Peak Memory 26.00 MB
recordofworldevents.com/wp-cron.php?doing_wp_cron=1357726315.2242999076843261718750
User-Agent: WordPress/3.5; http://recordofworldevents.com
array (
  'RESULT' => '0',
  'RPREF' => 'RUY5A3B5CC7C',
  'PROFILEID' => 'RP0000000006',
  'STATUS' => 'ACTIVE',
  'PROFILENAME' => '1388710361:0 D:1 Y~recordofworldevents.com~1',
  'START' => '01032014',
  'TERM' => '0',
  'NEXTPAYMENT' => '01032014',
  'PAYPERIOD' => 'YEAR',
  'FREQUENCY' => '1',
  'TENDER' => 'C',
  'AMT' => '197.00',
  'ACCT' => '5569XXXXXXXX8951',
  'EXPDATE' => '0913',
  'AGGREGATEAMT' => '0.00',
  'AGGREGATEOPTIONALAMT' => '197.00',
  'MAXFAILPAYMENTS' => '2',
  'NUMFAILPAYMENTS' => '0',
  'RETRYNUMDAYS' => '2',
  'EMAIL' => 'joe.reader@precise.co.uk',
  'NAME' => 'JOE',
  'LASTNAME' => 'READER',
  'STREET' => 'PRECISE MEDIA, THE REGISTRY, 3 ROYAL MINT COURT',
  'CITY' => 'LONDON',
  'STATE' => 'LONDON',
  'ZIP' => 'EC3N 4QN',
  'COUNTRY' => 'GB',
  'CURRENCY' => 'USD',
  'ipn_signup_vars' => 
  array (
    'txn_type' => 'subscr_signup',
    'subscr_id' => 'RP0000000006',
    'custom' => 'recordofworldevents.com',
    'txn_id' => 'RP0000000006',
    'period1' => '0 D',
    'period3' => '1 Y',
    'mc_amount1' => '0.00',
    'mc_amount3' => '197.00',
    'mc_gross' => '197.00',
    'mc_currency' => 'USD',
    'tax' => '0.00',
    'recurring' => '197.00',
    'payer_email' => 'joe.reader@precise.co.uk',
    'first_name' => 'JOE',
    'last_name' => 'READER',
    'option_name1' => 'Originating Domain',
    'option_selection1' => 'recordofworldevents.com',
    'option_name2' => 'Customer IP Address',
    'option_selection2' => '213.219.18.82',
    'item_name' => '$197',
    'item_number' => '1',
    'proxy_verified' => 'paypal',
    'subscr_gateway' => 'paypal',
    'eotper' => NULL,
    'ccaps' => NULL,
    'level' => '1',
    'ip' => '213.219.18.82',
    'initial_term' => '0 D',
    'initial' => '197.00',
    'regular' => '197.00',
    'regular_term' => '1 Y',
  ),
  's2member_log' => 
  array (
    0 => 'Ignoring this status ( `ACTIVE` ). It does NOT require any action on the part of s2Member.',
  ),
)

