PHP v5.3.19 :: WordPress® v3.5 :: s2Member® v121213 :: s2Member® Pro v121213
Memory 42.64 MB :: Real Memory 43.50 MB :: Peak Memory 42.78 MB :: Real Peak Memory 43.50 MB
recordofworldevents.com/?s2member_paypal_notify=1&s2member_paypal_proxy=paypal&s2member_paypal_proxy_use=pro-emails,subscr-signup-as-subscr-payment&s2member_paypal_proxy_verification=1dbf87f3b6b0ef6a867a376023c37362&s2member_paypal_proxy_return_url=
User-Agent: WordPress/3.5; http://recordofworldevents.com
array (
  'txn_type' => 'subscr_signup',
  'subscr_id' => 'RP0000000005',
  'custom' => 'recordofworldevents.com',
  'txn_id' => 'RP0000000005',
  'period1' => '0 D',
  'period3' => '1 M',
  'mc_amount1' => '0.00',
  'mc_amount3' => '24.99',
  'mc_gross' => '24.99',
  'mc_currency' => 'USD',
  'tax' => '0.00',
  'recurring' => '24.99',
  'payer_email' => 'vstoman@aol.com',
  'first_name' => 'Vicki',
  'last_name' => 'Toman',
  'option_name1' => 'Originating Domain',
  'option_selection1' => 'recordofworldevents.com',
  'option_name2' => 'Customer IP Address',
  'option_selection2' => '173.73.125.110',
  'item_name' => '$24.99 USD / Monthly',
  'item_number' => '1',
  'proxy_verified' => 'paypal',
  's2member_log' => 
  array (
    0 => 'IPN received on: Thu Dec 20, 2012 3:02:24 pm UTC',
    1 => 's2Member POST vars verified with a Proxy Key',
    2 => 's2Member originating domain ( `$_SERVER["HTTP_HOST"]` ) validated.',
    3 => 's2Member `txn_type` identified as ( `web_accept|subscr_signup` ).',
    4 => 's2Member `txn_type` identified as ( `web_accept|subscr_signup` ) w/o update vars.',
    5 => 'Signup Confirmation Email sent to: "Vicki Toman" <vstoman@aol.com>.',
    6 => 'User exists. Handling `payment` for Subscription via ( `subscr-signup-as-subscr-payment` ).',
    7 => 'Storing IPN signup vars now. These are associated with a User\'s account record; for future reference.',
  ),
  'subscr_gateway' => 'paypal',
  'eotper' => NULL,
  'ccaps' => NULL,
  'level' => '1',
  'ip' => '173.73.125.110',
  'initial_term' => '0 D',
  'initial' => '24.99',
  'regular' => '24.99',
  'regular_term' => '1 M',
  's2member_paypal_proxy' => 'paypal',
  's2member_paypal_proxy_use' => 'pro-emails,subscr-signup-as-subscr-payment',
  's2member_paypal_proxy_verification' => '1dbf87f3b6b0ef6a867a376023c37362',
)

PHP v5.3.19 :: WordPress® v3.5 :: s2Member® v121213 :: s2Member® Pro v121213
Memory 44.82 MB :: Real Memory 45.75 MB :: Peak Memory 44.95 MB :: Real Peak Memory 45.75 MB
recordofworldevents.com/?s2member_paypal_notify=1&s2member_paypal_proxy=paypal&s2member_paypal_proxy_use=pro-emails,subscr-signup-as-subscr-payment&s2member_paypal_proxy_verification=1dbf87f3b6b0ef6a867a376023c37362&s2member_paypal_proxy_return_url=
User-Agent: WordPress/3.5; http://recordofworldevents.com
array (
  'txn_type' => 'subscr_signup',
  'subscr_id' => 'RP0000000006',
  'custom' => 'recordofworldevents.com',
  'txn_id' => 'RP0000000006',
  'period1' => '0 D',
  'period3' => '1 Y',
  'mc_amount1' => '0.00',
  'mc_amount3' => '197.00',
  'mc_gross' => '197.00',
  'mc_currency' => 'USD',
  'tax' => '0.00',
  'recurring' => '197.00',
  'payer_email' => 'joe.reader@precise.co.uk',
  'first_name' => 'JOE',
  'last_name' => 'READER',
  'option_name1' => 'Originating Domain',
  'option_selection1' => 'recordofworldevents.com',
  'option_name2' => 'Customer IP Address',
  'option_selection2' => '213.219.18.82',
  'item_name' => '$197',
  'item_number' => '1',
  'proxy_verified' => 'paypal',
  's2member_log' => 
  array (
    0 => 'IPN received on: Wed Jan 2, 2013 12:52:45 pm UTC',
    1 => 's2Member POST vars verified with a Proxy Key',
    2 => 's2Member originating domain ( `$_SERVER["HTTP_HOST"]` ) validated.',
    3 => 's2Member `txn_type` identified as ( `web_accept|subscr_signup` ).',
    4 => 's2Member `txn_type` identified as ( `web_accept|subscr_signup` ) w/o update vars.',
    5 => 'Signup Confirmation Email sent to: "JOE READER" <joe.reader@precise.co.uk>.',
    6 => 'User exists. Handling `payment` for Subscription via ( `subscr-signup-as-subscr-payment` ).',
    7 => 'Storing IPN signup vars now. These are associated with a User\'s account record; for future reference.',
  ),
  'subscr_gateway' => 'paypal',
  'eotper' => NULL,
  'ccaps' => NULL,
  'level' => '1',
  'ip' => '213.219.18.82',
  'initial_term' => '0 D',
  'initial' => '197.00',
  'regular' => '197.00',
  'regular_term' => '1 Y',
  's2member_paypal_proxy' => 'paypal',
  's2member_paypal_proxy_use' => 'pro-emails,subscr-signup-as-subscr-payment',
  's2member_paypal_proxy_verification' => '1dbf87f3b6b0ef6a867a376023c37362',
)

